2020-11-09 09:40:48.112  WARN 1324 --- [restartedMain] c.c.c.ConfigServicePropertySourceLocator : Could not locate PropertySource: I/O error on GET request for "http://localhost:8888/logindataprovider/default": Connection refused: connect; nested exception is java.net.ConnectException: Connection refused: connect
2020-11-09 09:40:48.129  INFO 1324 --- [restartedMain] com.cg.LoginServiceApplication           : No active profile set, falling back to default profiles: default
2020-11-09 09:40:52.228  WARN 1324 --- [restartedMain] o.s.boot.actuate.endpoint.EndpointId     : Endpoint ID 'service-registry' contains invalid characters, please migrate to a valid format.
2020-11-09 09:40:52.281  WARN 1324 --- [restartedMain] o.s.boot.actuate.endpoint.EndpointId     : Endpoint ID 'hystrix.stream' contains invalid characters, please migrate to a valid format.
2020-11-09 09:40:54.879  WARN 1324 --- [restartedMain] c.n.c.sources.URLConfigurationSource     : No URLs will be polled as dynamic configuration sources.
2020-11-09 09:40:59.770  WARN 1324 --- [restartedMain] o.s.b.d.a.OptionalLiveReloadServer       : Unable to start LiveReload server
2020-11-09 09:41:01.318  WARN 1324 --- [restartedMain] JpaBaseConfiguration$JpaWebConfiguration : spring.jpa.open-in-view is enabled by default. Therefore, database queries may be performed during view rendering. Explicitly configure spring.jpa.open-in-view to disable this warning
2020-11-09 09:41:01.746  WARN 1324 --- [restartedMain] c.n.c.sources.URLConfigurationSource     : No URLs will be polled as dynamic configuration sources.
2020-11-09 09:41:02.895  WARN 1324 --- [restartedMain] ockingLoadBalancerClientRibbonWarnLogger : You already have RibbonLoadBalancerClient on your classpath. It will be used by default. As Spring Cloud Ribbon is in maintenance mode. We recommend switching to BlockingLoadBalancerClient instead. In order to use it, set the value of `spring.cloud.loadbalancer.ribbon.enabled` to `false` or remove spring-cloud-starter-netflix-ribbon from your project.
2020-11-09 09:41:05.180  INFO 1324 --- [restartedMain] com.cg.LoginServiceApplication           : Started LoginServiceApplication in 20.979 seconds (JVM running for 22.611)
2020-11-09 09:44:37.910  INFO 1324 --- [hystrix-UserController-1] com.cg.controller.UserController         : Due to Invalid Username or Password, the fallbackmethod is called by Hystrix
2020-11-09 11:35:50.264  WARN 1324 --- [RMI TCP Connection(2)-127.0.0.1] com.netflix.discovery.DiscoveryClient    : Saw local status change event StatusChangeEvent [timestamp=1604901950263, current=DOWN, previous=UP]
2020-11-09 12:08:35.673  WARN 9632 --- [restartedMain] c.c.c.ConfigServicePropertySourceLocator : Could not locate PropertySource: I/O error on GET request for "http://localhost:8888/logindataprovider/default": Connection refused: connect; nested exception is java.net.ConnectException: Connection refused: connect
2020-11-09 12:08:35.730  INFO 9632 --- [restartedMain] com.cg.LoginServiceApplication           : No active profile set, falling back to default profiles: default
2020-11-09 12:08:38.894  WARN 9632 --- [restartedMain] o.s.boot.actuate.endpoint.EndpointId     : Endpoint ID 'service-registry' contains invalid characters, please migrate to a valid format.
2020-11-09 12:08:38.931  WARN 9632 --- [restartedMain] o.s.boot.actuate.endpoint.EndpointId     : Endpoint ID 'hystrix.stream' contains invalid characters, please migrate to a valid format.
2020-11-09 12:08:41.279  WARN 9632 --- [restartedMain] c.n.c.sources.URLConfigurationSource     : No URLs will be polled as dynamic configuration sources.
2020-11-09 12:08:44.968  WARN 9632 --- [restartedMain] o.s.b.d.a.OptionalLiveReloadServer       : Unable to start LiveReload server
2020-11-09 12:08:46.550  WARN 9632 --- [restartedMain] JpaBaseConfiguration$JpaWebConfiguration : spring.jpa.open-in-view is enabled by default. Therefore, database queries may be performed during view rendering. Explicitly configure spring.jpa.open-in-view to disable this warning
2020-11-09 12:08:46.975  WARN 9632 --- [restartedMain] c.n.c.sources.URLConfigurationSource     : No URLs will be polled as dynamic configuration sources.
2020-11-09 12:08:48.075  WARN 9632 --- [restartedMain] ockingLoadBalancerClientRibbonWarnLogger : You already have RibbonLoadBalancerClient on your classpath. It will be used by default. As Spring Cloud Ribbon is in maintenance mode. We recommend switching to BlockingLoadBalancerClient instead. In order to use it, set the value of `spring.cloud.loadbalancer.ribbon.enabled` to `false` or remove spring-cloud-starter-netflix-ribbon from your project.
2020-11-09 12:08:49.991  INFO 9632 --- [restartedMain] com.cg.LoginServiceApplication           : Started LoginServiceApplication in 17.907 seconds (JVM running for 19.575)
2020-11-09 12:29:04.785  WARN 9632 --- [RMI TCP Connection(2)-127.0.0.1] com.netflix.discovery.DiscoveryClient    : Saw local status change event StatusChangeEvent [timestamp=1604905144785, current=DOWN, previous=UP]
2020-11-09 12:29:08.082  WARN 9632 --- [RMI TCP Connection(2)-127.0.0.1] o.a.c.loader.WebappClassLoaderBase       : The web application [ROOT] appears to have started a thread named [RxIoScheduler-1 (Evictor)] but has failed to stop it. This is very likely to create a memory leak. Stack trace of thread:
 sun.misc.Unsafe.park(Native Method)
 java.util.concurrent.locks.LockSupport.parkNanos(Unknown Source)
 java.util.concurrent.locks.AbstractQueuedSynchronizer$ConditionObject.awaitNanos(Unknown Source)
 java.util.concurrent.ScheduledThreadPoolExecutor$DelayedWorkQueue.take(Unknown Source)
 java.util.concurrent.ScheduledThreadPoolExecutor$DelayedWorkQueue.take(Unknown Source)
 java.util.concurrent.ThreadPoolExecutor.getTask(Unknown Source)
 java.util.concurrent.ThreadPoolExecutor.runWorker(Unknown Source)
 java.util.concurrent.ThreadPoolExecutor$Worker.run(Unknown Source)
 java.lang.Thread.run(Unknown Source)
2020-11-09 12:29:08.083  WARN 9632 --- [RMI TCP Connection(2)-127.0.0.1] o.a.c.loader.WebappClassLoaderBase       : The web application [ROOT] appears to have started a thread named [RxComputationScheduler-1] but has failed to stop it. This is very likely to create a memory leak. Stack trace of thread:
 sun.misc.Unsafe.park(Native Method)
 java.util.concurrent.locks.LockSupport.park(Unknown Source)
 java.util.concurrent.locks.AbstractQueuedSynchronizer$ConditionObject.await(Unknown Source)
 java.util.concurrent.ScheduledThreadPoolExecutor$DelayedWorkQueue.take(Unknown Source)
 java.util.concurrent.ScheduledThreadPoolExecutor$DelayedWorkQueue.take(Unknown Source)
 java.util.concurrent.ThreadPoolExecutor.getTask(Unknown Source)
 java.util.concurrent.ThreadPoolExecutor.runWorker(Unknown Source)
 java.util.concurrent.ThreadPoolExecutor$Worker.run(Unknown Source)
 java.lang.Thread.run(Unknown Source)
2020-11-09 16:49:04.291  WARN 4944 --- [restartedMain] c.c.c.ConfigServicePropertySourceLocator : Could not locate PropertySource: I/O error on GET request for "http://localhost:8888/logindataprovider/default": Connection refused: connect; nested exception is java.net.ConnectException: Connection refused: connect
2020-11-09 16:49:04.295  INFO 4944 --- [restartedMain] com.cg.LoginServiceApplication           : No active profile set, falling back to default profiles: default
2020-11-09 16:49:06.965  WARN 4944 --- [restartedMain] o.s.boot.actuate.endpoint.EndpointId     : Endpoint ID 'service-registry' contains invalid characters, please migrate to a valid format.
2020-11-09 16:49:07.003  WARN 4944 --- [restartedMain] o.s.boot.actuate.endpoint.EndpointId     : Endpoint ID 'hystrix.stream' contains invalid characters, please migrate to a valid format.
2020-11-09 16:49:08.962  WARN 4944 --- [restartedMain] c.n.c.sources.URLConfigurationSource     : No URLs will be polled as dynamic configuration sources.
2020-11-09 16:49:12.435  WARN 4944 --- [restartedMain] o.s.b.d.a.OptionalLiveReloadServer       : Unable to start LiveReload server
2020-11-09 16:49:13.927  WARN 4944 --- [restartedMain] JpaBaseConfiguration$JpaWebConfiguration : spring.jpa.open-in-view is enabled by default. Therefore, database queries may be performed during view rendering. Explicitly configure spring.jpa.open-in-view to disable this warning
2020-11-09 16:49:14.366  WARN 4944 --- [restartedMain] c.n.c.sources.URLConfigurationSource     : No URLs will be polled as dynamic configuration sources.
2020-11-09 16:49:15.265  WARN 4944 --- [restartedMain] ockingLoadBalancerClientRibbonWarnLogger : You already have RibbonLoadBalancerClient on your classpath. It will be used by default. As Spring Cloud Ribbon is in maintenance mode. We recommend switching to BlockingLoadBalancerClient instead. In order to use it, set the value of `spring.cloud.loadbalancer.ribbon.enabled` to `false` or remove spring-cloud-starter-netflix-ribbon from your project.
2020-11-09 16:49:17.654  INFO 4944 --- [restartedMain] com.cg.LoginServiceApplication           : Started LoginServiceApplication in 16.489 seconds (JVM running for 17.909)
2020-11-09 16:53:32.258  INFO 4944 --- [hystrix-UserController-3] com.cg.controller.UserController         : Due to invalid user registration details, the fallbackmethod is called by Hystrix
2020-11-09 17:43:35.164  INFO 4944 --- [hystrix-UserController-7] com.cg.controller.UserController         : Due to invalid user registration details, the fallbackmethod is called by Hystrix
2020-11-09 18:00:40.824  WARN 4944 --- [Thread-2] com.netflix.discovery.DiscoveryClient    : Saw local status change event StatusChangeEvent [timestamp=1604925040824, current=DOWN, previous=UP]
2020-11-09 18:00:47.374  WARN 4944 --- [restartedMain] c.c.c.ConfigServicePropertySourceLocator : Could not locate PropertySource: I/O error on GET request for "http://localhost:8888/logindataprovider/default": Connection refused: connect; nested exception is java.net.ConnectException: Connection refused: connect
2020-11-09 18:00:47.376  INFO 4944 --- [restartedMain] com.cg.LoginServiceApplication           : No active profile set, falling back to default profiles: default
2020-11-09 18:00:50.073  WARN 4944 --- [restartedMain] c.n.c.sources.URLConfigurationSource     : No URLs will be polled as dynamic configuration sources.
2020-11-09 18:00:51.594  WARN 4944 --- [restartedMain] o.s.b.d.a.OptionalLiveReloadServer       : Unable to start LiveReload server
2020-11-09 18:00:52.585  WARN 4944 --- [restartedMain] JpaBaseConfiguration$JpaWebConfiguration : spring.jpa.open-in-view is enabled by default. Therefore, database queries may be performed during view rendering. Explicitly configure spring.jpa.open-in-view to disable this warning
2020-11-09 18:00:53.133  WARN 4944 --- [restartedMain] c.n.c.sources.URLConfigurationSource     : No URLs will be polled as dynamic configuration sources.
2020-11-09 18:00:53.971  WARN 4944 --- [restartedMain] ockingLoadBalancerClientRibbonWarnLogger : You already have RibbonLoadBalancerClient on your classpath. It will be used by default. As Spring Cloud Ribbon is in maintenance mode. We recommend switching to BlockingLoadBalancerClient instead. In order to use it, set the value of `spring.cloud.loadbalancer.ribbon.enabled` to `false` or remove spring-cloud-starter-netflix-ribbon from your project.
2020-11-09 18:00:54.786  INFO 4944 --- [restartedMain] com.cg.LoginServiceApplication           : Started LoginServiceApplication in 9.624 seconds (JVM running for 4315.041)
2020-11-09 18:13:16.446  WARN 4944 --- [RMI TCP Connection(2)-127.0.0.1] com.netflix.discovery.DiscoveryClient    : Saw local status change event StatusChangeEvent [timestamp=1604925796446, current=DOWN, previous=UP]
